2026-04-02 13:30:17,546 DEBUG    root            Failed to read GCE cache file: [Errno 2] No such file or directory: '/content/.config/gce'
2026-04-02 13:30:29,571 DEBUG    root            Failed to check metadata server: <urlopen error timed out>
2026-04-02 13:30:29,571 DEBUG    root            On GCE from server: False
2026-04-02 13:30:29,574 DEBUG    root            Loaded Command Group: ['gcloud', 'components']
2026-04-02 13:30:29,577 DEBUG    root            Loaded Command Group: ['gcloud', 'components', 'update']
2026-04-02 13:30:29,579 DEBUG    root            Running [gcloud.components.update] with arguments: [--compile-python: "True", --quiet: "True", COMPONENT-IDS:6: "['core', 'gcloud-deps', 'bq', 'gcloud', 'gcloud-crc32c', 'gsutil']"]
2026-04-02 13:30:29,580 INFO     ___FILE_ONLY___ Beginning update. This process may take several minutes.

2026-04-02 13:30:29,603 DEBUG    root            On GCE from memory cache: False
2026-04-02 13:30:29,605 DEBUG    root            On GCE from memory cache: False
2026-04-02 13:30:29,608 DEBUG    urllib3.connectionpool Starting new HTTPS connection (1): dl.google.com:443
2026-04-02 13:30:29,624 DEBUG    urllib3.connectionpool https://dl.google.com:443 "GET /dl/cloudsdk/channels/rapid/components-2.json HTTP/1.1" 200 25028
2026-04-02 13:30:29,635 INFO     ___FILE_ONLY___ 

2026-04-02 13:30:29,636 INFO     ___FILE_ONLY___ 
Your current Google Cloud CLI version is: 563.0.0

2026-04-02 13:30:29,636 INFO     ___FILE_ONLY___ Installing components from version: 563.0.0

2026-04-02 13:30:29,636 INFO     ___FILE_ONLY___ 

2026-04-02 13:30:29,636 DEBUG    root            Chosen display Format:table[box,title="These components will be removed."](details.display_name:label=Name:align=left,version.version_string:label=Version:align=right,data.size.size(zero="",min=1048576):label=Size:align=right)
2026-04-02 13:30:29,637 DEBUG    root            Chosen display Format:table[box,title="These components will be updated."](details.display_name:label=Name:align=left,version.version_string:label=Version:align=right,data.size.size(zero="",min=1048576):label=Size:align=right)
2026-04-02 13:30:29,637 DEBUG    root            Chosen display Format:table[box,title="These components will be installed."](details.display_name:label=Name:align=left,version.version_string:label=Version:align=right,data.size.size(zero="",min=1048576):label=Size:align=right)
2026-04-02 13:30:29,680 INFO     ___FILE_ONLY___ ┌──────────────────────────────────────────────────────────────────────────────┐
2026-04-02 13:30:29,680 INFO     ___FILE_ONLY___ 

2026-04-02 13:30:29,680 INFO     ___FILE_ONLY___ │                     These components will be installed.                      │
2026-04-02 13:30:29,680 INFO     ___FILE_ONLY___ 

2026-04-02 13:30:29,680 INFO     ___FILE_ONLY___ ├─────────────────────────────────────────────────────┬────────────┬───────────┤
2026-04-02 13:30:29,680 INFO     ___FILE_ONLY___ 

2026-04-02 13:30:29,680 INFO     ___FILE_ONLY___ │                         Name                        │  Version   │    Size   │
2026-04-02 13:30:29,680 INFO     ___FILE_ONLY___ 

2026-04-02 13:30:29,680 INFO     ___FILE_ONLY___ ├─────────────────────────────────────────────────────┼────────────┼───────────┤
2026-04-02 13:30:29,680 INFO     ___FILE_ONLY___ 

2026-04-02 13:30:29,680 INFO     ___FILE_ONLY___ │ 
2026-04-02 13:30:29,680 INFO     ___FILE_ONLY___ BigQuery Command Line Tool                         
2026-04-02 13:30:29,680 INFO     ___FILE_ONLY___  
2026-04-02 13:30:29,680 INFO     ___FILE_ONLY___ │ 
2026-04-02 13:30:29,681 INFO     ___FILE_ONLY___     2.1.31
2026-04-02 13:30:29,681 INFO     ___FILE_ONLY___  
2026-04-02 13:30:29,681 INFO     ___FILE_ONLY___ │ 
2026-04-02 13:30:29,681 INFO     ___FILE_ONLY___   1.8 MiB
2026-04-02 13:30:29,681 INFO     ___FILE_ONLY___  
2026-04-02 13:30:29,681 INFO     ___FILE_ONLY___ │
2026-04-02 13:30:29,681 INFO     ___FILE_ONLY___ 

2026-04-02 13:30:29,681 INFO     ___FILE_ONLY___ │ 
2026-04-02 13:30:29,681 INFO     ___FILE_ONLY___ BigQuery Command Line Tool (Platform Specific)     
2026-04-02 13:30:29,681 INFO     ___FILE_ONLY___  
2026-04-02 13:30:29,681 INFO     ___FILE_ONLY___ │ 
2026-04-02 13:30:29,681 INFO     ___FILE_ONLY___     2.1.30
2026-04-02 13:30:29,681 INFO     ___FILE_ONLY___  
2026-04-02 13:30:29,682 INFO     ___FILE_ONLY___ │ 
2026-04-02 13:30:29,682 INFO     ___FILE_ONLY___   < 1 MiB
2026-04-02 13:30:29,682 INFO     ___FILE_ONLY___  
2026-04-02 13:30:29,682 INFO     ___FILE_ONLY___ │
2026-04-02 13:30:29,682 INFO     ___FILE_ONLY___ 

2026-04-02 13:30:29,682 INFO     ___FILE_ONLY___ │ 
2026-04-02 13:30:29,682 INFO     ___FILE_ONLY___ Bundled Python 3.13 (Platform Specific)            
2026-04-02 13:30:29,682 INFO     ___FILE_ONLY___  
2026-04-02 13:30:29,682 INFO     ___FILE_ONLY___ │ 
2026-04-02 13:30:29,682 INFO     ___FILE_ONLY___    3.13.10
2026-04-02 13:30:29,682 INFO     ___FILE_ONLY___  
2026-04-02 13:30:29,682 INFO     ___FILE_ONLY___ │ 
2026-04-02 13:30:29,682 INFO     ___FILE_ONLY___ 138.6 MiB
2026-04-02 13:30:29,683 INFO     ___FILE_ONLY___  
2026-04-02 13:30:29,683 INFO     ___FILE_ONLY___ │
2026-04-02 13:30:29,683 INFO     ___FILE_ONLY___ 

2026-04-02 13:30:29,683 INFO     ___FILE_ONLY___ │ 
2026-04-02 13:30:29,683 INFO     ___FILE_ONLY___ Cloud Storage Command Line Tool                    
2026-04-02 13:30:29,683 INFO     ___FILE_ONLY___  
2026-04-02 13:30:29,683 INFO     ___FILE_ONLY___ │ 
2026-04-02 13:30:29,683 INFO     ___FILE_ONLY___       5.36
2026-04-02 13:30:29,683 INFO     ___FILE_ONLY___  
2026-04-02 13:30:29,683 INFO     ___FILE_ONLY___ │ 
2026-04-02 13:30:29,683 INFO     ___FILE_ONLY___  12.4 MiB
2026-04-02 13:30:29,683 INFO     ___FILE_ONLY___  
2026-04-02 13:30:29,683 INFO     ___FILE_ONLY___ │
2026-04-02 13:30:29,684 INFO     ___FILE_ONLY___ 

2026-04-02 13:30:29,684 INFO     ___FILE_ONLY___ │ 
2026-04-02 13:30:29,684 INFO     ___FILE_ONLY___ Cloud Storage Command Line Tool (Platform Specific)
2026-04-02 13:30:29,684 INFO     ___FILE_ONLY___  
2026-04-02 13:30:29,684 INFO     ___FILE_ONLY___ │ 
2026-04-02 13:30:29,684 INFO     ___FILE_ONLY___       5.36
2026-04-02 13:30:29,684 INFO     ___FILE_ONLY___  
2026-04-02 13:30:29,684 INFO     ___FILE_ONLY___ │ 
2026-04-02 13:30:29,684 INFO     ___FILE_ONLY___   < 1 MiB
2026-04-02 13:30:29,684 INFO     ___FILE_ONLY___  
2026-04-02 13:30:29,684 INFO     ___FILE_ONLY___ │
2026-04-02 13:30:29,684 INFO     ___FILE_ONLY___ 

2026-04-02 13:30:29,684 INFO     ___FILE_ONLY___ │ 
2026-04-02 13:30:29,685 INFO     ___FILE_ONLY___ Google Cloud CLI Core Libraries (Platform Specific)
2026-04-02 13:30:29,685 INFO     ___FILE_ONLY___  
2026-04-02 13:30:29,685 INFO     ___FILE_ONLY___ │ 
2026-04-02 13:30:29,685 INFO     ___FILE_ONLY___ 2026.03.23
2026-04-02 13:30:29,685 INFO     ___FILE_ONLY___  
2026-04-02 13:30:29,685 INFO     ___FILE_ONLY___ │ 
2026-04-02 13:30:29,685 INFO     ___FILE_ONLY___   < 1 MiB
2026-04-02 13:30:29,685 INFO     ___FILE_ONLY___  
2026-04-02 13:30:29,685 INFO     ___FILE_ONLY___ │
2026-04-02 13:30:29,685 INFO     ___FILE_ONLY___ 

2026-04-02 13:30:29,685 INFO     ___FILE_ONLY___ │ 
2026-04-02 13:30:29,685 INFO     ___FILE_ONLY___ Google Cloud CRC32C Hash Tool (Platform Specific)  
2026-04-02 13:30:29,685 INFO     ___FILE_ONLY___  
2026-04-02 13:30:29,685 INFO     ___FILE_ONLY___ │ 
2026-04-02 13:30:29,686 INFO     ___FILE_ONLY___      1.0.0
2026-04-02 13:30:29,686 INFO     ___FILE_ONLY___  
2026-04-02 13:30:29,686 INFO     ___FILE_ONLY___ │ 
2026-04-02 13:30:29,686 INFO     ___FILE_ONLY___   1.5 MiB
2026-04-02 13:30:29,686 INFO     ___FILE_ONLY___  
2026-04-02 13:30:29,686 INFO     ___FILE_ONLY___ │
2026-04-02 13:30:29,686 INFO     ___FILE_ONLY___ 

2026-04-02 13:30:29,686 INFO     ___FILE_ONLY___ │ 
2026-04-02 13:30:29,686 INFO     ___FILE_ONLY___ gcloud cli dependencies (Platform Specific)        
2026-04-02 13:30:29,686 INFO     ___FILE_ONLY___  
2026-04-02 13:30:29,686 INFO     ___FILE_ONLY___ │ 
2026-04-02 13:30:29,686 INFO     ___FILE_ONLY___ 2021.04.16
2026-04-02 13:30:29,686 INFO     ___FILE_ONLY___  
2026-04-02 13:30:29,687 INFO     ___FILE_ONLY___ │ 
2026-04-02 13:30:29,687 INFO     ___FILE_ONLY___   < 1 MiB
2026-04-02 13:30:29,687 INFO     ___FILE_ONLY___  
2026-04-02 13:30:29,687 INFO     ___FILE_ONLY___ │
2026-04-02 13:30:29,687 INFO     ___FILE_ONLY___ 

2026-04-02 13:30:29,687 INFO     ___FILE_ONLY___ └─────────────────────────────────────────────────────┴────────────┴───────────┘
2026-04-02 13:30:29,687 INFO     ___FILE_ONLY___ 

2026-04-02 13:30:29,687 INFO     ___FILE_ONLY___ 

2026-04-02 13:30:29,688 DEBUG    root            On GCE from memory cache: False
2026-04-02 13:30:29,689 DEBUG    root            On GCE from memory cache: False
2026-04-02 13:30:29,690 DEBUG    urllib3.connectionpool Starting new HTTPS connection (1): dl.google.com:443
2026-04-02 13:30:29,706 DEBUG    urllib3.connectionpool https://dl.google.com:443 "GET /dl/cloudsdk/channels/rapid/RELEASE_NOTES HTTP/1.1" 200 357435
2026-04-02 13:30:30,252 INFO     ___FILE_ONLY___ For the latest full release notes, please visit:
  https://cloud.google.com/sdk/release_notes


2026-04-02 13:30:30,253 INFO     ___FILE_ONLY___ Performing in place update...


2026-04-02 13:30:30,255 INFO     ___FILE_ONLY___ ╔════════════════════════════════════════════════════════════╗

2026-04-02 13:30:30,255 INFO     ___FILE_ONLY___ ╠═ Downloading: BigQuery Command Line Tool                  ═╣

2026-04-02 13:30:30,255 INFO     ___FILE_ONLY___ ╚
2026-04-02 13:30:30,256 DEBUG    root            On GCE from memory cache: False
2026-04-02 13:30:30,257 DEBUG    root            On GCE from memory cache: False
2026-04-02 13:30:30,258 DEBUG    urllib3.connectionpool Starting new HTTPS connection (1): dl.google.com:443
2026-04-02 13:30:30,275 DEBUG    urllib3.connectionpool https://dl.google.com:443 "GET /dl/cloudsdk/channels/rapid/components/google-cloud-sdk-bq-20260327141905.tar.gz HTTP/1.1" 200 1931708
2026-04-02 13:30:30,286 INFO     ___FILE_ONLY___ ═
2026-04-02 13:30:30,287 INFO     ___FILE_ONLY___ ═
2026-04-02 13:30:30,287 INFO     ___FILE_ONLY___ ═
2026-04-02 13:30:30,287 INFO     ___FILE_ONLY___ ═
2026-04-02 13:30:30,287 INFO     ___FILE_ONLY___ ═
2026-04-02 13:30:30,287 INFO     ___FILE_ONLY___ ═
2026-04-02 13:30:30,287 INFO     ___FILE_ONLY___ ═
2026-04-02 13:30:30,287 INFO     ___FILE_ONLY___ ═
2026-04-02 13:30:30,287 INFO     ___FILE_ONLY___ ═
2026-04-02 13:30:30,287 INFO     ___FILE_ONLY___ ═
2026-04-02 13:30:30,287 INFO     ___FILE_ONLY___ ═
2026-04-02 13:30:30,288 INFO     ___FILE_ONLY___ ═
2026-04-02 13:30:30,288 INFO     ___FILE_ONLY___ ═
2026-04-02 13:30:30,288 INFO     ___FILE_ONLY___ ═
2026-04-02 13:30:30,288 INFO     ___FILE_ONLY___ ═
2026-04-02 13:30:30,288 INFO     ___FILE_ONLY___ ═
2026-04-02 13:30:30,288 INFO     ___FILE_ONLY___ ═
2026-04-02 13:30:30,288 INFO     ___FILE_ONLY___ ═
2026-04-02 13:30:30,288 INFO     ___FILE_ONLY___ ═
2026-04-02 13:30:30,288 INFO     ___FILE_ONLY___ ═
2026-04-02 13:30:30,288 INFO     ___FILE_ONLY___ ═
2026-04-02 13:30:30,288 INFO     ___FILE_ONLY___ ═
2026-04-02 13:30:30,289 INFO     ___FILE_ONLY___ ═
2026-04-02 13:30:30,289 INFO     ___FILE_ONLY___ ═
2026-04-02 13:30:30,289 INFO     ___FILE_ONLY___ ═
2026-04-02 13:30:30,289 INFO     ___FILE_ONLY___ ═
2026-04-02 13:30:30,289 INFO     ___FILE_ONLY___ ═
2026-04-02 13:30:30,289 INFO     ___FILE_ONLY___ ═
2026-04-02 13:30:30,289 INFO     ___FILE_ONLY___ ═
2026-04-02 13:30:30,289 INFO     ___FILE_ONLY___ ═
2026-04-02 13:30:30,290 INFO     ___FILE_ONLY___ ═
2026-04-02 13:30:30,290 INFO     ___FILE_ONLY___ ═
2026-04-02 13:30:30,290 INFO     ___FILE_ONLY___ ═
2026-04-02 13:30:30,290 INFO     ___FILE_ONLY___ ═
2026-04-02 13:30:30,290 INFO     ___FILE_ONLY___ ═
2026-04-02 13:30:30,290 INFO     ___FILE_ONLY___ ═
2026-04-02 13:30:30,290 INFO     ___FILE_ONLY___ ═
2026-04-02 13:30:30,290 INFO     ___FILE_ONLY___ ═
2026-04-02 13:30:30,290 INFO     ___FILE_ONLY___ ═
2026-04-02 13:30:30,290 INFO     ___FILE_ONLY___ ═
2026-04-02 13:30:30,290 INFO     ___FILE_ONLY___ ═
2026-04-02 13:30:30,291 INFO     ___FILE_ONLY___ ═
2026-04-02 13:30:30,291 INFO     ___FILE_ONLY___ ═
2026-04-02 13:30:30,291 INFO     ___FILE_ONLY___ ═
2026-04-02 13:30:30,291 INFO     ___FILE_ONLY___ ═
2026-04-02 13:30:30,291 INFO     ___FILE_ONLY___ ═
2026-04-02 13:30:30,291 INFO     ___FILE_ONLY___ ═
2026-04-02 13:30:30,291 INFO     ___FILE_ONLY___ ═
2026-04-02 13:30:30,291 INFO     ___FILE_ONLY___ ═
2026-04-02 13:30:30,291 INFO     ___FILE_ONLY___ ═
2026-04-02 13:30:30,291 INFO     ___FILE_ONLY___ ═
2026-04-02 13:30:30,292 INFO     ___FILE_ONLY___ ═
2026-04-02 13:30:30,292 INFO     ___FILE_ONLY___ ═
2026-04-02 13:30:30,292 INFO     ___FILE_ONLY___ ═
2026-04-02 13:30:30,292 INFO     ___FILE_ONLY___ ═
2026-04-02 13:30:30,292 INFO     ___FILE_ONLY___ ═
2026-04-02 13:30:30,292 INFO     ___FILE_ONLY___ ═
2026-04-02 13:30:30,292 INFO     ___FILE_ONLY___ ═
2026-04-02 13:30:30,292 INFO     ___FILE_ONLY___ ═
2026-04-02 13:30:30,292 INFO     ___FILE_ONLY___ ═
2026-04-02 13:30:30,292 INFO     ___FILE_ONLY___ ╝

2026-04-02 13:30:30,294 INFO     ___FILE_ONLY___ ╔════════════════════════════════════════════════════════════╗

2026-04-02 13:30:30,294 INFO     ___FILE_ONLY___ ╠═ Downloading: BigQuery Command Line Tool (Platform Spe... ═╣

2026-04-02 13:30:30,294 INFO     ___FILE_ONLY___ ╚
2026-04-02 13:30:30,295 DEBUG    root            On GCE from memory cache: False
2026-04-02 13:30:30,296 DEBUG    root            On GCE from memory cache: False
2026-04-02 13:30:30,297 DEBUG    urllib3.connectionpool Starting new HTTPS connection (1): dl.google.com:443
2026-04-02 13:30:30,312 DEBUG    urllib3.connectionpool https://dl.google.com:443 "GET /dl/cloudsdk/channels/rapid/components/google-cloud-sdk-bq-nix-20260323151659.tar.gz HTTP/1.1" 200 1932
2026-04-02 13:30:30,313 INFO     ___FILE_ONLY___ ════════════════════════════════════════════════════════════
2026-04-02 13:30:30,313 INFO     ___FILE_ONLY___ ╝

2026-04-02 13:30:30,315 INFO     ___FILE_ONLY___ ╔════════════════════════════════════════════════════════════╗

2026-04-02 13:30:30,315 INFO     ___FILE_ONLY___ ╠═ Downloading: Bundled Python 3.13                         ═╣

2026-04-02 13:30:30,315 INFO     ___FILE_ONLY___ ╚
2026-04-02 13:30:30,315 INFO     ___FILE_ONLY___ ════════════════════════════════════════════════════════════
2026-04-02 13:30:30,315 INFO     ___FILE_ONLY___ ╝

2026-04-02 13:30:30,317 INFO     ___FILE_ONLY___ ╔════════════════════════════════════════════════════════════╗

2026-04-02 13:30:30,317 INFO     ___FILE_ONLY___ ╠═ Downloading: Bundled Python 3.13 (Platform Specific)     ═╣

2026-04-02 13:30:30,317 INFO     ___FILE_ONLY___ ╚
2026-04-02 13:30:30,318 DEBUG    root            On GCE from memory cache: False
2026-04-02 13:30:30,319 DEBUG    root            On GCE from memory cache: False
2026-04-02 13:30:30,320 DEBUG    urllib3.connectionpool Starting new HTTPS connection (1): dl.google.com:443
2026-04-02 13:30:30,340 DEBUG    urllib3.connectionpool https://dl.google.com:443 "GET /dl/cloudsdk/channels/rapid/components/google-cloud-sdk-bundled-python3-unix-linux-x86_64-20260217161033.tar.gz HTTP/1.1" 200 145337490
2026-04-02 13:30:30,826 INFO     ___FILE_ONLY___ ═
2026-04-02 13:30:30,829 INFO     ___FILE_ONLY___ ═
2026-04-02 13:30:30,831 INFO     ___FILE_ONLY___ ═
2026-04-02 13:30:30,834 INFO     ___FILE_ONLY___ ═
2026-04-02 13:30:30,837 INFO     ___FILE_ONLY___ ═
2026-04-02 13:30:30,839 INFO     ___FILE_ONLY___ ═
2026-04-02 13:30:30,842 INFO     ___FILE_ONLY___ ═
2026-04-02 13:30:30,844 INFO     ___FILE_ONLY___ ═
2026-04-02 13:30:30,847 INFO     ___FILE_ONLY___ ═
2026-04-02 13:30:30,850 INFO     ___FILE_ONLY___ ═
2026-04-02 13:30:30,852 INFO     ___FILE_ONLY___ ═
2026-04-02 13:30:30,855 INFO     ___FILE_ONLY___ ═
2026-04-02 13:30:30,857 INFO     ___FILE_ONLY___ ═
2026-04-02 13:30:30,860 INFO     ___FILE_ONLY___ ═
2026-04-02 13:30:30,862 INFO     ___FILE_ONLY___ ═
2026-04-02 13:30:30,865 INFO     ___FILE_ONLY___ ═
2026-04-02 13:30:30,868 INFO     ___FILE_ONLY___ ═
2026-04-02 13:30:30,870 INFO     ___FILE_ONLY___ ═
2026-04-02 13:30:30,873 INFO     ___FILE_ONLY___ ═
2026-04-02 13:30:30,875 INFO     ___FILE_ONLY___ ═
2026-04-02 13:30:30,878 INFO     ___FILE_ONLY___ ═
2026-04-02 13:30:30,881 INFO     ___FILE_ONLY___ ═
2026-04-02 13:30:30,883 INFO     ___FILE_ONLY___ ═
2026-04-02 13:30:30,886 INFO     ___FILE_ONLY___ ═
2026-04-02 13:30:30,888 INFO     ___FILE_ONLY___ ═
2026-04-02 13:30:30,891 INFO     ___FILE_ONLY___ ═
2026-04-02 13:30:30,894 INFO     ___FILE_ONLY___ ═
2026-04-02 13:30:30,896 INFO     ___FILE_ONLY___ ═
2026-04-02 13:30:30,899 INFO     ___FILE_ONLY___ ═
2026-04-02 13:30:30,901 INFO     ___FILE_ONLY___ ═
2026-04-02 13:30:30,904 INFO     ___FILE_ONLY___ ═
2026-04-02 13:30:30,907 INFO     ___FILE_ONLY___ ═
2026-04-02 13:30:30,909 INFO     ___FILE_ONLY___ ═
2026-04-02 13:30:30,912 INFO     ___FILE_ONLY___ ═
2026-04-02 13:30:30,914 INFO     ___FILE_ONLY___ ═
2026-04-02 13:30:30,917 INFO     ___FILE_ONLY___ ═
2026-04-02 13:30:30,919 INFO     ___FILE_ONLY___ ═
2026-04-02 13:30:30,922 INFO     ___FILE_ONLY___ ═
2026-04-02 13:30:30,925 INFO     ___FILE_ONLY___ ═
2026-04-02 13:30:30,927 INFO     ___FILE_ONLY___ ═
2026-04-02 13:30:30,930 INFO     ___FILE_ONLY___ ═
2026-04-02 13:30:30,932 INFO     ___FILE_ONLY___ ═
2026-04-02 13:30:30,935 INFO     ___FILE_ONLY___ ═
2026-04-02 13:30:30,937 INFO     ___FILE_ONLY___ ═
2026-04-02 13:30:30,940 INFO     ___FILE_ONLY___ ═
2026-04-02 13:30:30,943 INFO     ___FILE_ONLY___ ═
2026-04-02 13:30:30,945 INFO     ___FILE_ONLY___ ═
2026-04-02 13:30:30,948 INFO     ___FILE_ONLY___ ═
2026-04-02 13:30:30,950 INFO     ___FILE_ONLY___ ═
2026-04-02 13:30:30,953 INFO     ___FILE_ONLY___ ═
2026-04-02 13:30:30,956 INFO     ___FILE_ONLY___ ═
2026-04-02 13:30:30,958 INFO     ___FILE_ONLY___ ═
2026-04-02 13:30:30,961 INFO     ___FILE_ONLY___ ═
2026-04-02 13:30:30,963 INFO     ___FILE_ONLY___ ═
2026-04-02 13:30:30,966 INFO     ___FILE_ONLY___ ═
2026-04-02 13:30:30,969 INFO     ___FILE_ONLY___ ═
2026-04-02 13:30:30,971 INFO     ___FILE_ONLY___ ═
2026-04-02 13:30:30,974 INFO     ___FILE_ONLY___ ═
2026-04-02 13:30:30,976 INFO     ___FILE_ONLY___ ═
2026-04-02 13:30:30,979 INFO     ___FILE_ONLY___ ═
2026-04-02 13:30:30,979 INFO     ___FILE_ONLY___ ╝

2026-04-02 13:30:30,981 INFO     ___FILE_ONLY___ ╔════════════════════════════════════════════════════════════╗

2026-04-02 13:30:30,981 INFO     ___FILE_ONLY___ ╠═ Downloading: Cloud Storage Command Line Tool             ═╣

2026-04-02 13:30:30,981 INFO     ___FILE_ONLY___ ╚
2026-04-02 13:30:30,982 DEBUG    root            On GCE from memory cache: False
2026-04-02 13:30:30,984 DEBUG    root            On GCE from memory cache: False
2026-04-02 13:30:30,985 DEBUG    urllib3.connectionpool Starting new HTTPS connection (1): dl.google.com:443
2026-04-02 13:30:31,005 DEBUG    urllib3.connectionpool https://dl.google.com:443 "GET /dl/cloudsdk/channels/rapid/components/google-cloud-sdk-gsutil-20260309182415.tar.gz HTTP/1.1" 200 12962580
2026-04-02 13:30:31,045 INFO     ___FILE_ONLY___ ═
2026-04-02 13:30:31,045 INFO     ___FILE_ONLY___ ═
2026-04-02 13:30:31,046 INFO     ___FILE_ONLY___ ═
2026-04-02 13:30:31,046 INFO     ___FILE_ONLY___ ═
2026-04-02 13:30:31,046 INFO     ___FILE_ONLY___ ═
2026-04-02 13:30:31,047 INFO     ___FILE_ONLY___ ═
2026-04-02 13:30:31,047 INFO     ___FILE_ONLY___ ═
2026-04-02 13:30:31,047 INFO     ___FILE_ONLY___ ═
2026-04-02 13:30:31,048 INFO     ___FILE_ONLY___ ═
2026-04-02 13:30:31,048 INFO     ___FILE_ONLY___ ═
2026-04-02 13:30:31,048 INFO     ___FILE_ONLY___ ═
2026-04-02 13:30:31,049 INFO     ___FILE_ONLY___ ═
2026-04-02 13:30:31,049 INFO     ___FILE_ONLY___ ═
2026-04-02 13:30:31,049 INFO     ___FILE_ONLY___ ═
2026-04-02 13:30:31,049 INFO     ___FILE_ONLY___ ═
2026-04-02 13:30:31,050 INFO     ___FILE_ONLY___ ═
2026-04-02 13:30:31,050 INFO     ___FILE_ONLY___ ═
2026-04-02 13:30:31,051 INFO     ___FILE_ONLY___ ═
2026-04-02 13:30:31,051 INFO     ___FILE_ONLY___ ═
2026-04-02 13:30:31,051 INFO     ___FILE_ONLY___ ═
2026-04-02 13:30:31,052 INFO     ___FILE_ONLY___ ═
2026-04-02 13:30:31,052 INFO     ___FILE_ONLY___ ═
2026-04-02 13:30:31,052 INFO     ___FILE_ONLY___ ═
2026-04-02 13:30:31,053 INFO     ___FILE_ONLY___ ═
2026-04-02 13:30:31,053 INFO     ___FILE_ONLY___ ═
2026-04-02 13:30:31,053 INFO     ___FILE_ONLY___ ═
2026-04-02 13:30:31,054 INFO     ___FILE_ONLY___ ═
2026-04-02 13:30:31,054 INFO     ___FILE_ONLY___ ═
2026-04-02 13:30:31,054 INFO     ___FILE_ONLY___ ═
2026-04-02 13:30:31,054 INFO     ___FILE_ONLY___ ═
2026-04-02 13:30:31,055 INFO     ___FILE_ONLY___ ═
2026-04-02 13:30:31,055 INFO     ___FILE_ONLY___ ═
2026-04-02 13:30:31,055 INFO     ___FILE_ONLY___ ═
2026-04-02 13:30:31,056 INFO     ___FILE_ONLY___ ═
2026-04-02 13:30:31,056 INFO     ___FILE_ONLY___ ═
2026-04-02 13:30:31,056 INFO     ___FILE_ONLY___ ═
2026-04-02 13:30:31,057 INFO     ___FILE_ONLY___ ═
2026-04-02 13:30:31,057 INFO     ___FILE_ONLY___ ═
2026-04-02 13:30:31,057 INFO     ___FILE_ONLY___ ═
2026-04-02 13:30:31,057 INFO     ___FILE_ONLY___ ═
2026-04-02 13:30:31,058 INFO     ___FILE_ONLY___ ═
2026-04-02 13:30:31,058 INFO     ___FILE_ONLY___ ═
2026-04-02 13:30:31,058 INFO     ___FILE_ONLY___ ═
2026-04-02 13:30:31,059 INFO     ___FILE_ONLY___ ═
2026-04-02 13:30:31,059 INFO     ___FILE_ONLY___ ═
2026-04-02 13:30:31,059 INFO     ___FILE_ONLY___ ═
2026-04-02 13:30:31,060 INFO     ___FILE_ONLY___ ═
2026-04-02 13:30:31,060 INFO     ___FILE_ONLY___ ═
2026-04-02 13:30:31,060 INFO     ___FILE_ONLY___ ═
2026-04-02 13:30:31,060 INFO     ___FILE_ONLY___ ═
2026-04-02 13:30:31,061 INFO     ___FILE_ONLY___ ═
2026-04-02 13:30:31,061 INFO     ___FILE_ONLY___ ═
2026-04-02 13:30:31,061 INFO     ___FILE_ONLY___ ═
2026-04-02 13:30:31,062 INFO     ___FILE_ONLY___ ═
2026-04-02 13:30:31,062 INFO     ___FILE_ONLY___ ═
2026-04-02 13:30:31,062 INFO     ___FILE_ONLY___ ═
2026-04-02 13:30:31,063 INFO     ___FILE_ONLY___ ═
2026-04-02 13:30:31,063 INFO     ___FILE_ONLY___ ═
2026-04-02 13:30:31,063 INFO     ___FILE_ONLY___ ═
2026-04-02 13:30:31,063 INFO     ___FILE_ONLY___ ═
2026-04-02 13:30:31,063 INFO     ___FILE_ONLY___ ╝

2026-04-02 13:30:31,065 INFO     ___FILE_ONLY___ ╔════════════════════════════════════════════════════════════╗

2026-04-02 13:30:31,066 INFO     ___FILE_ONLY___ ╠═ Downloading: Cloud Storage Command Line Tool (Platfor... ═╣

2026-04-02 13:30:31,066 INFO     ___FILE_ONLY___ ╚
2026-04-02 13:30:31,067 DEBUG    root            On GCE from memory cache: False
2026-04-02 13:30:31,068 DEBUG    root            On GCE from memory cache: False
2026-04-02 13:30:31,069 DEBUG    urllib3.connectionpool Starting new HTTPS connection (1): dl.google.com:443
2026-04-02 13:30:31,084 DEBUG    urllib3.connectionpool https://dl.google.com:443 "GET /dl/cloudsdk/channels/rapid/components/google-cloud-sdk-gsutil-nix-20260323151659.tar.gz HTTP/1.1" 200 1946
2026-04-02 13:30:31,084 INFO     ___FILE_ONLY___ ════════════════════════════════════════════════════════════
2026-04-02 13:30:31,085 INFO     ___FILE_ONLY___ ╝

2026-04-02 13:30:31,086 INFO     ___FILE_ONLY___ ╔════════════════════════════════════════════════════════════╗

2026-04-02 13:30:31,087 INFO     ___FILE_ONLY___ ╠═ Downloading: Default set of gcloud commands              ═╣

2026-04-02 13:30:31,087 INFO     ___FILE_ONLY___ ╚
2026-04-02 13:30:31,087 INFO     ___FILE_ONLY___ ════════════════════════════════════════════════════════════
2026-04-02 13:30:31,087 INFO     ___FILE_ONLY___ ╝

2026-04-02 13:30:31,088 INFO     ___FILE_ONLY___ ╔════════════════════════════════════════════════════════════╗

2026-04-02 13:30:31,089 INFO     ___FILE_ONLY___ ╠═ Downloading: Google Cloud CLI Core Libraries (Platfor... ═╣

2026-04-02 13:30:31,089 INFO     ___FILE_ONLY___ ╚
2026-04-02 13:30:31,090 DEBUG    root            On GCE from memory cache: False
2026-04-02 13:30:31,091 DEBUG    root            On GCE from memory cache: False
2026-04-02 13:30:31,092 DEBUG    urllib3.connectionpool Starting new HTTPS connection (1): dl.google.com:443
2026-04-02 13:30:31,110 DEBUG    urllib3.connectionpool https://dl.google.com:443 "GET /dl/cloudsdk/channels/rapid/components/google-cloud-sdk-core-nix-20260323151659.tar.gz HTTP/1.1" 200 2323
2026-04-02 13:30:31,111 INFO     ___FILE_ONLY___ ════════════════════════════════════════════════════════════
2026-04-02 13:30:31,111 INFO     ___FILE_ONLY___ ╝

2026-04-02 13:30:31,113 INFO     ___FILE_ONLY___ ╔════════════════════════════════════════════════════════════╗

2026-04-02 13:30:31,113 INFO     ___FILE_ONLY___ ╠═ Downloading: Google Cloud CRC32C Hash Tool               ═╣

2026-04-02 13:30:31,113 INFO     ___FILE_ONLY___ ╚
2026-04-02 13:30:31,113 INFO     ___FILE_ONLY___ ════════════════════════════════════════════════════════════
2026-04-02 13:30:31,113 INFO     ___FILE_ONLY___ ╝

2026-04-02 13:30:31,115 INFO     ___FILE_ONLY___ ╔════════════════════════════════════════════════════════════╗

2026-04-02 13:30:31,115 INFO     ___FILE_ONLY___ ╠═ Downloading: Google Cloud CRC32C Hash Tool (Platform ... ═╣

2026-04-02 13:30:31,115 INFO     ___FILE_ONLY___ ╚
2026-04-02 13:30:31,116 DEBUG    root            On GCE from memory cache: False
2026-04-02 13:30:31,117 DEBUG    root            On GCE from memory cache: False
2026-04-02 13:30:31,118 DEBUG    urllib3.connectionpool Starting new HTTPS connection (1): dl.google.com:443
2026-04-02 13:30:31,130 DEBUG    urllib3.connectionpool https://dl.google.com:443 "GET /dl/cloudsdk/channels/rapid/components/google-cloud-sdk-gcloud-crc32c-linux-x86_64-20260323151659.tar.gz HTTP/1.1" 200 1604878
2026-04-02 13:30:31,140 INFO     ___FILE_ONLY___ ═
2026-04-02 13:30:31,140 INFO     ___FILE_ONLY___ ═
2026-04-02 13:30:31,140 INFO     ___FILE_ONLY___ ═
2026-04-02 13:30:31,141 INFO     ___FILE_ONLY___ ═
2026-04-02 13:30:31,141 INFO     ___FILE_ONLY___ ═
2026-04-02 13:30:31,141 INFO     ___FILE_ONLY___ ═
2026-04-02 13:30:31,141 INFO     ___FILE_ONLY___ ═
2026-04-02 13:30:31,141 INFO     ___FILE_ONLY___ ═
2026-04-02 13:30:31,141 INFO     ___FILE_ONLY___ ═
2026-04-02 13:30:31,141 INFO     ___FILE_ONLY___ ═
2026-04-02 13:30:31,141 INFO     ___FILE_ONLY___ ═
2026-04-02 13:30:31,141 INFO     ___FILE_ONLY___ ═
2026-04-02 13:30:31,141 INFO     ___FILE_ONLY___ ═
2026-04-02 13:30:31,141 INFO     ___FILE_ONLY___ ═
2026-04-02 13:30:31,142 INFO     ___FILE_ONLY___ ═
2026-04-02 13:30:31,142 INFO     ___FILE_ONLY___ ═
2026-04-02 13:30:31,142 INFO     ___FILE_ONLY___ ═
2026-04-02 13:30:31,142 INFO     ___FILE_ONLY___ ═
2026-04-02 13:30:31,142 INFO     ___FILE_ONLY___ ═
2026-04-02 13:30:31,142 INFO     ___FILE_ONLY___ ═
2026-04-02 13:30:31,142 INFO     ___FILE_ONLY___ ═
2026-04-02 13:30:31,142 INFO     ___FILE_ONLY___ ═
2026-04-02 13:30:31,142 INFO     ___FILE_ONLY___ ═
2026-04-02 13:30:31,142 INFO     ___FILE_ONLY___ ═
2026-04-02 13:30:31,142 INFO     ___FILE_ONLY___ ═
2026-04-02 13:30:31,142 INFO     ___FILE_ONLY___ ═
2026-04-02 13:30:31,143 INFO     ___FILE_ONLY___ ═
2026-04-02 13:30:31,143 INFO     ___FILE_ONLY___ ═
2026-04-02 13:30:31,143 INFO     ___FILE_ONLY___ ═
2026-04-02 13:30:31,143 INFO     ___FILE_ONLY___ ═
2026-04-02 13:30:31,143 INFO     ___FILE_ONLY___ ═
2026-04-02 13:30:31,143 INFO     ___FILE_ONLY___ ═
2026-04-02 13:30:31,143 INFO     ___FILE_ONLY___ ═
2026-04-02 13:30:31,143 INFO     ___FILE_ONLY___ ═
2026-04-02 13:30:31,143 INFO     ___FILE_ONLY___ ═
2026-04-02 13:30:31,143 INFO     ___FILE_ONLY___ ═
2026-04-02 13:30:31,143 INFO     ___FILE_ONLY___ ═
2026-04-02 13:30:31,144 INFO     ___FILE_ONLY___ ═
2026-04-02 13:30:31,144 INFO     ___FILE_ONLY___ ═
2026-04-02 13:30:31,144 INFO     ___FILE_ONLY___ ═
2026-04-02 13:30:31,144 INFO     ___FILE_ONLY___ ═
2026-04-02 13:30:31,144 INFO     ___FILE_ONLY___ ═
2026-04-02 13:30:31,144 INFO     ___FILE_ONLY___ ═
2026-04-02 13:30:31,144 INFO     ___FILE_ONLY___ ═
2026-04-02 13:30:31,144 INFO     ___FILE_ONLY___ ═
2026-04-02 13:30:31,144 INFO     ___FILE_ONLY___ ═
2026-04-02 13:30:31,144 INFO     ___FILE_ONLY___ ═
2026-04-02 13:30:31,144 INFO     ___FILE_ONLY___ ═
2026-04-02 13:30:31,144 INFO     ___FILE_ONLY___ ═
2026-04-02 13:30:31,144 INFO     ___FILE_ONLY___ ═
2026-04-02 13:30:31,145 INFO     ___FILE_ONLY___ ═
2026-04-02 13:30:31,145 INFO     ___FILE_ONLY___ ═
2026-04-02 13:30:31,145 INFO     ___FILE_ONLY___ ═
2026-04-02 13:30:31,145 INFO     ___FILE_ONLY___ ═
2026-04-02 13:30:31,145 INFO     ___FILE_ONLY___ ═
2026-04-02 13:30:31,145 INFO     ___FILE_ONLY___ ═
2026-04-02 13:30:31,145 INFO     ___FILE_ONLY___ ═
2026-04-02 13:30:31,145 INFO     ___FILE_ONLY___ ═
2026-04-02 13:30:31,146 INFO     ___FILE_ONLY___ ═
2026-04-02 13:30:31,146 INFO     ___FILE_ONLY___ ═
2026-04-02 13:30:31,146 INFO     ___FILE_ONLY___ ╝

2026-04-02 13:30:31,148 INFO     ___FILE_ONLY___ ╔════════════════════════════════════════════════════════════╗

2026-04-02 13:30:31,148 INFO     ___FILE_ONLY___ ╠═ Downloading: gcloud cli dependencies (Platform Specific) ═╣

2026-04-02 13:30:31,148 INFO     ___FILE_ONLY___ ╚
2026-04-02 13:30:31,149 DEBUG    root            On GCE from memory cache: False
2026-04-02 13:30:31,150 DEBUG    root            On GCE from memory cache: False
2026-04-02 13:30:31,151 DEBUG    urllib3.connectionpool Starting new HTTPS connection (1): dl.google.com:443
2026-04-02 13:30:31,197 DEBUG    urllib3.connectionpool https://dl.google.com:443 "GET /dl/cloudsdk/channels/rapid/components/google-cloud-sdk-gcloud-deps-linux-x86_64-20210416153011.tar.gz HTTP/1.1" 200 104
2026-04-02 13:30:31,198 INFO     ___FILE_ONLY___ ════════════════════════════════════════════════════════════
2026-04-02 13:30:31,198 INFO     ___FILE_ONLY___ ╝

2026-04-02 13:30:31,200 INFO     ___FILE_ONLY___ ╔════════════════════════════════════════════════════════════╗

2026-04-02 13:30:31,200 INFO     ___FILE_ONLY___ ╠═ Installing: BigQuery Command Line Tool                   ═╣

2026-04-02 13:30:31,200 INFO     ___FILE_ONLY___ ╚
2026-04-02 13:30:31,299 INFO     ___FILE_ONLY___ ═
2026-04-02 13:30:31,302 INFO     ___FILE_ONLY___ ═
2026-04-02 13:30:31,304 INFO     ___FILE_ONLY___ ═
2026-04-02 13:30:31,307 INFO     ___FILE_ONLY___ ═
2026-04-02 13:30:31,310 INFO     ___FILE_ONLY___ ═
2026-04-02 13:30:31,312 INFO     ___FILE_ONLY___ ═
2026-04-02 13:30:31,314 INFO     ___FILE_ONLY___ ═
2026-04-02 13:30:31,317 INFO     ___FILE_ONLY___ ═
2026-04-02 13:30:31,319 INFO     ___FILE_ONLY___ ═
2026-04-02 13:30:31,322 INFO     ___FILE_ONLY___ ═
2026-04-02 13:30:31,323 INFO     ___FILE_ONLY___ ═
2026-04-02 13:30:31,326 INFO     ___FILE_ONLY___ ═
2026-04-02 13:30:31,328 INFO     ___FILE_ONLY___ ═
2026-04-02 13:30:31,330 INFO     ___FILE_ONLY___ ═
2026-04-02 13:30:31,332 INFO     ___FILE_ONLY___ ═
2026-04-02 13:30:31,334 INFO     ___FILE_ONLY___ ═
2026-04-02 13:30:31,337 INFO     ___FILE_ONLY___ ═
2026-04-02 13:30:31,340 INFO     ___FILE_ONLY___ ═
2026-04-02 13:30:31,343 INFO     ___FILE_ONLY___ ═
2026-04-02 13:30:31,345 INFO     ___FILE_ONLY___ ═
2026-04-02 13:30:31,348 INFO     ___FILE_ONLY___ ═
2026-04-02 13:30:31,349 INFO     ___FILE_ONLY___ ═
2026-04-02 13:30:31,351 INFO     ___FILE_ONLY___ ═
2026-04-02 13:30:31,354 INFO     ___FILE_ONLY___ ═
2026-04-02 13:30:31,356 INFO     ___FILE_ONLY___ ═
2026-04-02 13:30:31,358 INFO     ___FILE_ONLY___ ═
2026-04-02 13:30:31,360 INFO     ___FILE_ONLY___ ═
2026-04-02 13:30:31,361 INFO     ___FILE_ONLY___ ═
2026-04-02 13:30:31,363 INFO     ___FILE_ONLY___ ═
2026-04-02 13:30:31,365 INFO     ___FILE_ONLY___ ═
2026-04-02 13:30:31,367 INFO     ___FILE_ONLY___ ═
2026-04-02 13:30:31,368 INFO     ___FILE_ONLY___ ═
2026-04-02 13:30:31,370 INFO     ___FILE_ONLY___ ═
2026-04-02 13:30:31,373 INFO     ___FILE_ONLY___ ═
2026-04-02 13:30:31,376 INFO     ___FILE_ONLY___ ═
2026-04-02 13:30:31,377 INFO     ___FILE_ONLY___ ═
2026-04-02 13:30:31,380 INFO     ___FILE_ONLY___ ═
2026-04-02 13:30:31,383 INFO     ___FILE_ONLY___ ═
2026-04-02 13:30:31,391 INFO     ___FILE_ONLY___ ═
2026-04-02 13:30:31,399 INFO     ___FILE_ONLY___ ═
2026-04-02 13:30:31,401 INFO     ___FILE_ONLY___ ═
2026-04-02 13:30:31,403 INFO     ___FILE_ONLY___ ═
2026-04-02 13:30:31,406 INFO     ___FILE_ONLY___ ═
2026-04-02 13:30:31,408 INFO     ___FILE_ONLY___ ═
2026-04-02 13:30:31,411 INFO     ___FILE_ONLY___ ═
2026-04-02 13:30:31,415 INFO     ___FILE_ONLY___ ═
2026-04-02 13:30:31,417 INFO     ___FILE_ONLY___ ═
2026-04-02 13:30:31,420 INFO     ___FILE_ONLY___ ═
2026-04-02 13:30:31,422 INFO     ___FILE_ONLY___ ═
2026-04-02 13:30:31,424 INFO     ___FILE_ONLY___ ═
2026-04-02 13:30:31,426 INFO     ___FILE_ONLY___ ═
2026-04-02 13:30:31,429 INFO     ___FILE_ONLY___ ═
2026-04-02 13:30:31,431 INFO     ___FILE_ONLY___ ═
2026-04-02 13:30:31,433 INFO     ___FILE_ONLY___ ═
2026-04-02 13:30:31,435 INFO     ___FILE_ONLY___ ═
2026-04-02 13:30:31,438 INFO     ___FILE_ONLY___ ═
2026-04-02 13:30:31,440 INFO     ___FILE_ONLY___ ═
2026-04-02 13:30:31,442 INFO     ___FILE_ONLY___ ═
2026-04-02 13:30:31,444 INFO     ___FILE_ONLY___ ═
2026-04-02 13:30:31,446 INFO     ___FILE_ONLY___ ═
2026-04-02 13:30:31,446 INFO     ___FILE_ONLY___ ╝

2026-04-02 13:30:31,454 INFO     ___FILE_ONLY___ ╔════════════════════════════════════════════════════════════╗

2026-04-02 13:30:31,454 INFO     ___FILE_ONLY___ ╠═ Installing: BigQuery Command Line Tool (Platform Spec... ═╣

2026-04-02 13:30:31,454 INFO     ___FILE_ONLY___ ╚
2026-04-02 13:30:31,455 INFO     ___FILE_ONLY___ ════════════════════════════════════════════════════════════
2026-04-02 13:30:31,455 INFO     ___FILE_ONLY___ ╝

2026-04-02 13:30:31,461 INFO     ___FILE_ONLY___ ╔════════════════════════════════════════════════════════════╗

2026-04-02 13:30:31,461 INFO     ___FILE_ONLY___ ╠═ Installing: Bundled Python 3.13                          ═╣

2026-04-02 13:30:31,461 INFO     ___FILE_ONLY___ ╚
2026-04-02 13:30:31,464 INFO     ___FILE_ONLY___ ════════════════════════════════════════════════════════════
2026-04-02 13:30:31,464 INFO     ___FILE_ONLY___ ╝

2026-04-02 13:30:31,465 INFO     ___FILE_ONLY___ ╔════════════════════════════════════════════════════════════╗

2026-04-02 13:30:31,465 INFO     ___FILE_ONLY___ ╠═ Installing: Bundled Python 3.13 (Platform Specific)      ═╣

2026-04-02 13:30:31,465 INFO     ___FILE_ONLY___ ╚
2026-04-02 13:30:34,548 INFO     ___FILE_ONLY___ ═
2026-04-02 13:30:34,563 INFO     ___FILE_ONLY___ ═
2026-04-02 13:30:34,576 INFO     ___FILE_ONLY___ ═
2026-04-02 13:30:36,908 INFO     ___FILE_ONLY___ ═
2026-04-02 13:30:36,931 INFO     ___FILE_ONLY___ ═
2026-04-02 13:30:36,958 INFO     ___FILE_ONLY___ ═
2026-04-02 13:30:36,976 INFO     ___FILE_ONLY___ ═
2026-04-02 13:30:37,005 INFO     ___FILE_ONLY___ ═
2026-04-02 13:30:37,019 INFO     ___FILE_ONLY___ ═
2026-04-02 13:30:37,113 INFO     ___FILE_ONLY___ ═
2026-04-02 13:30:37,131 INFO     ___FILE_ONLY___ ═
2026-04-02 13:30:37,147 INFO     ___FILE_ONLY___ ═
2026-04-02 13:30:37,177 INFO     ___FILE_ONLY___ ═
2026-04-02 13:30:37,192 INFO     ___FILE_ONLY___ ═
2026-04-02 13:30:37,207 INFO     ___FILE_ONLY___ ═
2026-04-02 13:30:37,221 INFO     ___FILE_ONLY___ ═
2026-04-02 13:30:37,236 INFO     ___FILE_ONLY___ ═
2026-04-02 13:30:37,250 INFO     ___FILE_ONLY___ ═
2026-04-02 13:30:37,266 INFO     ___FILE_ONLY___ ═
2026-04-02 13:30:37,281 INFO     ___FILE_ONLY___ ═
2026-04-02 13:30:37,299 INFO     ___FILE_ONLY___ ═
2026-04-02 13:30:37,314 INFO     ___FILE_ONLY___ ═
2026-04-02 13:30:37,329 INFO     ___FILE_ONLY___ ═
2026-04-02 13:30:37,484 INFO     ___FILE_ONLY___ ═
2026-04-02 13:30:37,972 INFO     ___FILE_ONLY___ ═
2026-04-02 13:30:37,997 INFO     ___FILE_ONLY___ ═
2026-04-02 13:30:38,017 INFO     ___FILE_ONLY___ ═
2026-04-02 13:30:38,029 INFO     ___FILE_ONLY___ ═
2026-04-02 13:30:38,040 INFO     ___FILE_ONLY___ ═
2026-04-02 13:30:38,052 INFO     ___FILE_ONLY___ ═
2026-04-02 13:30:38,063 INFO     ___FILE_ONLY___ ═
2026-04-02 13:30:38,075 INFO     ___FILE_ONLY___ ═
2026-04-02 13:30:38,086 INFO     ___FILE_ONLY___ ═
2026-04-02 13:30:38,097 INFO     ___FILE_ONLY___ ═
2026-04-02 13:30:38,108 INFO     ___FILE_ONLY___ ═
2026-04-02 13:30:38,119 INFO     ___FILE_ONLY___ ═
2026-04-02 13:30:38,131 INFO     ___FILE_ONLY___ ═
2026-04-02 13:30:38,141 INFO     ___FILE_ONLY___ ═
2026-04-02 13:30:38,153 INFO     ___FILE_ONLY___ ═
2026-04-02 13:30:38,164 INFO     ___FILE_ONLY___ ═
2026-04-02 13:30:38,176 INFO     ___FILE_ONLY___ ═
2026-04-02 13:30:38,188 INFO     ___FILE_ONLY___ ═
2026-04-02 13:30:38,199 INFO     ___FILE_ONLY___ ═
2026-04-02 13:30:38,210 INFO     ___FILE_ONLY___ ═
2026-04-02 13:30:38,221 INFO     ___FILE_ONLY___ ═
2026-04-02 13:30:38,233 INFO     ___FILE_ONLY___ ═
2026-04-02 13:30:38,244 INFO     ___FILE_ONLY___ ═
2026-04-02 13:30:38,256 INFO     ___FILE_ONLY___ ═
2026-04-02 13:30:38,267 INFO     ___FILE_ONLY___ ═
2026-04-02 13:30:38,278 INFO     ___FILE_ONLY___ ═
2026-04-02 13:30:38,289 INFO     ___FILE_ONLY___ ═
2026-04-02 13:30:38,301 INFO     ___FILE_ONLY___ ═
2026-04-02 13:30:38,312 INFO     ___FILE_ONLY___ ═
2026-04-02 13:30:38,324 INFO     ___FILE_ONLY___ ═
2026-04-02 13:30:38,335 INFO     ___FILE_ONLY___ ═
2026-04-02 13:30:38,347 INFO     ___FILE_ONLY___ ═
2026-04-02 13:30:38,359 INFO     ___FILE_ONLY___ ═
2026-04-02 13:30:38,370 INFO     ___FILE_ONLY___ ═
2026-04-02 13:30:38,381 INFO     ___FILE_ONLY___ ═
2026-04-02 13:30:38,393 INFO     ___FILE_ONLY___ ═
2026-04-02 13:30:38,393 INFO     ___FILE_ONLY___ ╝

2026-04-02 13:30:38,458 INFO     ___FILE_ONLY___ ╔════════════════════════════════════════════════════════════╗

2026-04-02 13:30:38,458 INFO     ___FILE_ONLY___ ╠═ Installing: Cloud Storage Command Line Tool              ═╣

2026-04-02 13:30:38,458 INFO     ___FILE_ONLY___ ╚
2026-04-02 13:30:38,994 INFO     ___FILE_ONLY___ ═
2026-04-02 13:30:39,006 INFO     ___FILE_ONLY___ ═
2026-04-02 13:30:39,017 INFO     ___FILE_ONLY___ ═
2026-04-02 13:30:39,026 INFO     ___FILE_ONLY___ ═
2026-04-02 13:30:39,036 INFO     ___FILE_ONLY___ ═
2026-04-02 13:30:39,069 INFO     ___FILE_ONLY___ ═
2026-04-02 13:30:39,081 INFO     ___FILE_ONLY___ ═
2026-04-02 13:30:39,096 INFO     ___FILE_ONLY___ ═
2026-04-02 13:30:39,110 INFO     ___FILE_ONLY___ ═
2026-04-02 13:30:39,124 INFO     ___FILE_ONLY___ ═
2026-04-02 13:30:39,140 INFO     ___FILE_ONLY___ ═
2026-04-02 13:30:39,151 INFO     ___FILE_ONLY___ ═
2026-04-02 13:30:39,161 INFO     ___FILE_ONLY___ ═
2026-04-02 13:30:39,169 INFO     ___FILE_ONLY___ ═
2026-04-02 13:30:39,178 INFO     ___FILE_ONLY___ ═
2026-04-02 13:30:39,197 INFO     ___FILE_ONLY___ ═
2026-04-02 13:30:39,209 INFO     ___FILE_ONLY___ ═
2026-04-02 13:30:39,218 INFO     ___FILE_ONLY___ ═
2026-04-02 13:30:39,229 INFO     ___FILE_ONLY___ ═
2026-04-02 13:30:39,239 INFO     ___FILE_ONLY___ ═
2026-04-02 13:30:39,248 INFO     ___FILE_ONLY___ ═
2026-04-02 13:30:39,260 INFO     ___FILE_ONLY___ ═
2026-04-02 13:30:39,269 INFO     ___FILE_ONLY___ ═
2026-04-02 13:30:39,279 INFO     ___FILE_ONLY___ ═
2026-04-02 13:30:39,289 INFO     ___FILE_ONLY___ ═
2026-04-02 13:30:39,299 INFO     ___FILE_ONLY___ ═
2026-04-02 13:30:39,308 INFO     ___FILE_ONLY___ ═
2026-04-02 13:30:39,321 INFO     ___FILE_ONLY___ ═
2026-04-02 13:30:39,336 INFO     ___FILE_ONLY___ ═
2026-04-02 13:30:39,347 INFO     ___FILE_ONLY___ ═
2026-04-02 13:30:39,359 INFO     ___FILE_ONLY___ ═
2026-04-02 13:30:39,378 INFO     ___FILE_ONLY___ ═
2026-04-02 13:30:39,393 INFO     ___FILE_ONLY___ ═
2026-04-02 13:30:39,411 INFO     ___FILE_ONLY___ ═
2026-04-02 13:30:39,425 INFO     ___FILE_ONLY___ ═
2026-04-02 13:30:39,439 INFO     ___FILE_ONLY___ ═
2026-04-02 13:30:39,448 INFO     ___FILE_ONLY___ ═
2026-04-02 13:30:39,458 INFO     ___FILE_ONLY___ ═
2026-04-02 13:30:39,492 INFO     ___FILE_ONLY___ ═
2026-04-02 13:30:39,505 INFO     ___FILE_ONLY___ ═
2026-04-02 13:30:39,515 INFO     ___FILE_ONLY___ ═
2026-04-02 13:30:39,525 INFO     ___FILE_ONLY___ ═
2026-04-02 13:30:39,534 INFO     ___FILE_ONLY___ ═
2026-04-02 13:30:39,543 INFO     ___FILE_ONLY___ ═
2026-04-02 13:30:39,553 INFO     ___FILE_ONLY___ ═
2026-04-02 13:30:39,562 INFO     ___FILE_ONLY___ ═
2026-04-02 13:30:39,571 INFO     ___FILE_ONLY___ ═
2026-04-02 13:30:39,579 INFO     ___FILE_ONLY___ ═
2026-04-02 13:30:39,589 INFO     ___FILE_ONLY___ ═
2026-04-02 13:30:39,602 INFO     ___FILE_ONLY___ ═
2026-04-02 13:30:39,616 INFO     ___FILE_ONLY___ ═
2026-04-02 13:30:39,628 INFO     ___FILE_ONLY___ ═
2026-04-02 13:30:39,640 INFO     ___FILE_ONLY___ ═
2026-04-02 13:30:39,653 INFO     ___FILE_ONLY___ ═
2026-04-02 13:30:39,664 INFO     ___FILE_ONLY___ ═
2026-04-02 13:30:39,678 INFO     ___FILE_ONLY___ ═
2026-04-02 13:30:39,694 INFO     ___FILE_ONLY___ ═
2026-04-02 13:30:39,714 INFO     ___FILE_ONLY___ ═
2026-04-02 13:30:39,729 INFO     ___FILE_ONLY___ ═
2026-04-02 13:30:39,746 INFO     ___FILE_ONLY___ ═
2026-04-02 13:30:39,746 INFO     ___FILE_ONLY___ ╝

2026-04-02 13:30:39,776 INFO     ___FILE_ONLY___ ╔════════════════════════════════════════════════════════════╗

2026-04-02 13:30:39,776 INFO     ___FILE_ONLY___ ╠═ Installing: Cloud Storage Command Line Tool (Platform... ═╣

2026-04-02 13:30:39,777 INFO     ___FILE_ONLY___ ╚
2026-04-02 13:30:39,777 INFO     ___FILE_ONLY___ ════════════════════════════════════════════════════════════
2026-04-02 13:30:39,777 INFO     ___FILE_ONLY___ ╝

2026-04-02 13:30:39,782 INFO     ___FILE_ONLY___ ╔════════════════════════════════════════════════════════════╗

2026-04-02 13:30:39,782 INFO     ___FILE_ONLY___ ╠═ Installing: Default set of gcloud commands               ═╣

2026-04-02 13:30:39,782 INFO     ___FILE_ONLY___ ╚
2026-04-02 13:30:39,784 INFO     ___FILE_ONLY___ ════════════════════════════════════════════════════════════
2026-04-02 13:30:39,785 INFO     ___FILE_ONLY___ ╝

2026-04-02 13:30:39,786 INFO     ___FILE_ONLY___ ╔════════════════════════════════════════════════════════════╗

2026-04-02 13:30:39,786 INFO     ___FILE_ONLY___ ╠═ Installing: Google Cloud CLI Core Libraries (Platform... ═╣

2026-04-02 13:30:39,786 INFO     ___FILE_ONLY___ ╚
2026-04-02 13:30:39,787 INFO     ___FILE_ONLY___ ══════════════════════════════
2026-04-02 13:30:39,788 INFO     ___FILE_ONLY___ ══════════════════════════════
2026-04-02 13:30:39,788 INFO     ___FILE_ONLY___ ╝

2026-04-02 13:30:39,792 INFO     ___FILE_ONLY___ ╔════════════════════════════════════════════════════════════╗

2026-04-02 13:30:39,792 INFO     ___FILE_ONLY___ ╠═ Installing: Google Cloud CRC32C Hash Tool                ═╣

2026-04-02 13:30:39,792 INFO     ___FILE_ONLY___ ╚
2026-04-02 13:30:39,794 INFO     ___FILE_ONLY___ ════════════════════════════════════════════════════════════
2026-04-02 13:30:39,794 INFO     ___FILE_ONLY___ ╝

2026-04-02 13:30:39,796 INFO     ___FILE_ONLY___ ╔════════════════════════════════════════════════════════════╗

2026-04-02 13:30:39,796 INFO     ___FILE_ONLY___ ╠═ Installing: Google Cloud CRC32C Hash Tool (Platform S... ═╣

2026-04-02 13:30:39,796 INFO     ___FILE_ONLY___ ╚
2026-04-02 13:30:39,833 INFO     ___FILE_ONLY___ ══════════════════════════════
2026-04-02 13:30:39,834 INFO     ___FILE_ONLY___ ══════════════════════════════
2026-04-02 13:30:39,834 INFO     ___FILE_ONLY___ ╝

2026-04-02 13:30:39,839 INFO     ___FILE_ONLY___ ╔════════════════════════════════════════════════════════════╗

2026-04-02 13:30:39,839 INFO     ___FILE_ONLY___ ╠═ Installing: gcloud cli dependencies (Platform Specific)  ═╣

2026-04-02 13:30:39,839 INFO     ___FILE_ONLY___ ╚
2026-04-02 13:30:39,839 INFO     ___FILE_ONLY___ ════════════════════════════════════════════════════════════
2026-04-02 13:30:39,839 INFO     ___FILE_ONLY___ ╝

2026-04-02 13:30:39,844 DEBUG    root            Updating notification cache...
2026-04-02 13:30:39,845 INFO     ___FILE_ONLY___ 

2026-04-02 13:30:39,846 INFO     ___FILE_ONLY___ Performing post processing steps...
2026-04-02 13:30:39,847 DEBUG    root            Executing command: ['/tools/google-cloud-sdk/bin/gcloud', 'components', 'post-process']
2026-04-02 13:30:50,589 DEBUG    ___FILE_ONLY___ 
2026-04-02 13:30:50,589 DEBUG    ___FILE_ONLY___ 
2026-04-02 13:30:50,647 INFO     root            descriptor_list: [{'universeDomain': 'googleapis.com', 'universeShortName': '', 'authenticationDomain': 'auth.cloud.google.com', 'projectPrefix': '', 'cloudWebDomain': 'cloud.google.com', 'documentationDomain': 'cloud.google.com', 'version': '1.0.0', 'state': 'primary', 'artifactRegistryDomain': 'pkg.dev'}]
2026-04-02 13:30:50,648 INFO     ___FILE_ONLY___ 
Update done!


2026-04-02 13:30:50,651 DEBUG    root            Chosen display Format:none
2026-04-02 13:30:50,651 INFO     root            Display format: "none"
